<?xml version="1.0" encoding="UTF-8"?>
<!DOCTYPE coverage SYSTEM "http://cobertura.sourceforge.net/xml/coverage-04.dtd">
<coverage line-rate="1" branch-rate="0" lines-covered="902" lines-valid="902" branches-covered="0" branches-valid="0" complexity="222" version="0.4" timestamp="1757893947">
  <sources>
    <source>/app/src</source>
  </sources>
  <packages>
    <package name="Http/Controllers/Controller.php" line-rate="1" branch-rate="0" complexity="1">
      <classes>
        <class name="Playground\Cms\Resource\Http\Controllers\Controller" filename="Http/Controllers/Controller.php" line-rate="1" branch-rate="0" complexity="1">
          <methods>
            <method name="packageInfo" signature="" line-rate="1" branch-rate="0" complexity="1">
              <lines>
                <line number="39" hits="99"/>
              </lines>
            </method>
          </methods>
          <lines>
            <line number="39" hits="99"/>
          </lines>
        </class>
      </classes>
    </package>
    <package name="Http/Controllers/IndexController.php" line-rate="1" branch-rate="0" complexity="1">
      <classes>
        <class name="Playground\Cms\Resource\Http\Controllers\IndexController" filename="Http/Controllers/IndexController.php" line-rate="1" branch-rate="0" complexity="1">
          <methods>
            <method name="index" signature="" line-rate="1" branch-rate="0" complexity="1">
              <lines>
                <line number="35" hits="1"/>
                <line number="40" hits="1"/>
                <line number="42" hits="1"/>
                <line number="43" hits="1"/>
                <line number="44" hits="1"/>
              </lines>
            </method>
          </methods>
          <lines>
            <line number="35" hits="1"/>
            <line number="40" hits="1"/>
            <line number="42" hits="1"/>
            <line number="43" hits="1"/>
            <line number="44" hits="1"/>
          </lines>
        </class>
      </classes>
    </package>
    <package name="Http/Controllers/PageController.php" line-rate="1" branch-rate="0" complexity="63">
      <classes>
        <class name="Playground\Cms\Resource\Http\Controllers\PageController" filename="Http/Controllers/PageController.php" line-rate="1" branch-rate="0" complexity="63">
          <methods>
            <method name="create" signature="Requests\Page\CreateRequest $request" line-rate="1" branch-rate="0" complexity="4">
              <lines>
                <line number="54" hits="3"/>
                <line number="56" hits="3"/>
                <line number="58" hits="3"/>
                <line number="60" hits="3"/>
                <line number="62" hits="3"/>
                <line number="63" hits="1"/>
                <line number="64" hits="1"/>
                <line number="65" hits="1"/>
                <line number="68" hits="2"/>
                <line number="69" hits="2"/>
                <line number="70" hits="2"/>
                <line number="71" hits="2"/>
                <line number="72" hits="2"/>
                <line number="73" hits="2"/>
                <line number="75" hits="2"/>
                <line number="76" hits="2"/>
                <line number="77" hits="2"/>
                <line number="78" hits="2"/>
                <line number="79" hits="2"/>
                <line number="81" hits="2"/>
                <line number="83" hits="2"/>
                <line number="84" hits="1"/>
                <line number="85" hits="1"/>
                <line number="88" hits="2"/>
                <line number="89" hits="2"/>
                <line number="95" hits="2"/>
                <line number="97" hits="2"/>
              </lines>
            </method>
            <method name="edit" signature="Page $page, Requests\Page\EditRequest $request" line-rate="1" branch-rate="0" complexity="3">
              <lines>
                <line number="110" hits="3"/>
                <line number="112" hits="3"/>
                <line number="114" hits="3"/>
                <line number="116" hits="3"/>
                <line number="117" hits="1"/>
                <line number="118" hits="1"/>
                <line number="119" hits="1"/>
                <line number="122" hits="2"/>
                <line number="124" hits="2"/>
                <line number="125" hits="1"/>
                <line number="128" hits="2"/>
                <line number="129" hits="2"/>
                <line number="130" hits="2"/>
                <line number="131" hits="2"/>
                <line number="132" hits="2"/>
                <line number="133" hits="2"/>
                <line number="135" hits="2"/>
                <line number="136" hits="2"/>
                <line number="137" hits="2"/>
                <line number="138" hits="2"/>
                <line number="139" hits="2"/>
                <line number="141" hits="2"/>
                <line number="146" hits="2"/>
                <line number="148" hits="2"/>
              </lines>
            </method>
            <method name="destroy" signature="Page $page, Requests\Page\DestroyRequest $request" line-rate="1" branch-rate="0" complexity="6">
              <lines>
                <line number="161" hits="7"/>
                <line number="163" hits="7"/>
                <line number="165" hits="7"/>
                <line number="167" hits="7"/>
                <line number="168" hits="7"/>
                <line number="171" hits="7"/>
                <line number="172" hits="5"/>
                <line number="174" hits="2"/>
                <line number="177" hits="7"/>
                <line number="178" hits="4"/>
                <line number="181" hits="3"/>
                <line number="183" hits="3"/>
                <line number="184" hits="1"/>
                <line number="187" hits="2"/>
              </lines>
            </method>
            <method name="lock" signature="Page $page, Requests\Page\LockRequest $request" line-rate="1" branch-rate="0" complexity="5">
              <lines>
                <line number="200" hits="4"/>
                <line number="202" hits="4"/>
                <line number="204" hits="4"/>
                <line number="206" hits="4"/>
                <line number="207" hits="4"/>
                <line number="210" hits="4"/>
                <line number="212" hits="4"/>
                <line number="214" hits="4"/>
                <line number="215" hits="2"/>
                <line number="216" hits="2"/>
                <line number="217" hits="2"/>
                <line number="220" hits="2"/>
                <line number="222" hits="2"/>
                <line number="223" hits="1"/>
                <line number="226" hits="1"/>
                <line number="227" hits="1"/>
                <line number="228" hits="1"/>
                <line number="229" hits="1"/>
              </lines>
            </method>
            <method name="index" signature="Requests\Page\IndexRequest $request" line-rate="1" branch-rate="0" complexity="6">
              <lines>
                <line number="241" hits="4"/>
                <line number="243" hits="4"/>
                <line number="254" hits="4"/>
                <line number="256" hits="4"/>
                <line number="258" hits="4"/>
                <line number="260" hits="4"/>
                <line number="262" hits="2"/>
                <line number="264" hits="2"/>
                <line number="265" hits="2"/>
                <line number="266" hits="2"/>
                <line number="267" hits="2"/>
                <line number="269" hits="2"/>
                <line number="270" hits="2"/>
                <line number="271" hits="2"/>
                <line number="272" hits="2"/>
                <line number="274" hits="2"/>
                <line number="275" hits="2"/>
                <line number="276" hits="2"/>
                <line number="277" hits="2"/>
                <line number="279" hits="2"/>
                <line number="280" hits="2"/>
                <line number="281" hits="2"/>
                <line number="282" hits="2"/>
                <line number="285" hits="4"/>
                <line number="286" hits="4"/>
                <line number="288" hits="4"/>
                <line number="290" hits="4"/>
                <line number="291" hits="2"/>
                <line number="294" hits="2"/>
                <line number="295" hits="2"/>
                <line number="296" hits="2"/>
                <line number="297" hits="2"/>
                <line number="298" hits="2"/>
                <line number="299" hits="2"/>
                <line number="300" hits="2"/>
                <line number="301" hits="2"/>
                <line number="302" hits="2"/>
                <line number="303" hits="2"/>
                <line number="304" hits="2"/>
                <line number="305" hits="2"/>
                <line number="307" hits="2"/>
                <line number="308" hits="2"/>
                <line number="309" hits="2"/>
                <line number="310" hits="2"/>
                <line number="315" hits="2"/>
                <line number="317" hits="2"/>
              </lines>
            </method>
            <method name="restore" signature="Page $page, Requests\Page\RestoreRequest $request" line-rate="1" branch-rate="0" complexity="5">
              <lines>
                <line number="330" hits="4"/>
                <line number="332" hits="4"/>
                <line number="334" hits="4"/>
                <line number="336" hits="4"/>
                <line number="337" hits="4"/>
                <line number="340" hits="4"/>
                <line number="342" hits="4"/>
                <line number="343" hits="2"/>
                <line number="344" hits="2"/>
                <line number="345" hits="2"/>
                <line number="348" hits="2"/>
                <line number="350" hits="2"/>
                <line number="351" hits="1"/>
                <line number="354" hits="1"/>
                <line number="355" hits="1"/>
                <line number="356" hits="1"/>
                <line number="357" hits="1"/>
              </lines>
            </method>
            <method name="restoreRevision" signature="PageRevision $page_revision, Requests\Page\RestoreRevisionRequest $request" line-rate="1" branch-rate="0" complexity="5">
              <lines>
                <line number="370" hits="4"/>
                <line number="372" hits="4"/>
                <line number="377" hits="4"/>
                <line number="378" hits="4"/>
                <line number="379" hits="4"/>
                <line number="380" hits="4"/>
                <line number="382" hits="4"/>
                <line number="384" hits="4"/>
                <line number="386" hits="4"/>
                <line number="387" hits="4"/>
                <line number="388" hits="4"/>
                <line number="389" hits="4"/>
                <line number="390" hits="4"/>
                <line number="393" hits="4"/>
                <line number="395" hits="4"/>
                <line number="396" hits="2"/>
                <line number="397" hits="2"/>
                <line number="398" hits="2"/>
                <line number="401" hits="2"/>
                <line number="403" hits="2"/>
                <line number="404" hits="1"/>
                <line number="407" hits="1"/>
                <line number="408" hits="1"/>
                <line number="409" hits="1"/>
                <line number="410" hits="1"/>
              </lines>
            </method>
            <method name="revision" signature="PageRevision $page_revision, Requests\Page\ShowRevisionRequest $request" line-rate="1" branch-rate="0" complexity="2">
              <lines>
                <line number="423" hits="2"/>
                <line number="425" hits="2"/>
                <line number="426" hits="1"/>
                <line number="427" hits="1"/>
                <line number="428" hits="1"/>
                <line number="431" hits="1"/>
                <line number="433" hits="1"/>
                <line number="434" hits="1"/>
                <line number="435" hits="1"/>
                <line number="436" hits="1"/>
                <line number="437" hits="1"/>
                <line number="438" hits="1"/>
                <line number="440" hits="1"/>
                <line number="441" hits="1"/>
                <line number="442" hits="1"/>
                <line number="443" hits="1"/>
                <line number="448" hits="1"/>
                <line number="450" hits="1"/>
              </lines>
            </method>
            <method name="revisions" signature="Page $page, Requests\Page\RevisionsRequest $request" line-rate="1" branch-rate="0" complexity="6">
              <lines>
                <line number="462" hits="4"/>
                <line number="464" hits="4"/>
                <line number="475" hits="4"/>
                <line number="477" hits="4"/>
                <line number="479" hits="4"/>
                <line number="481" hits="4"/>
                <line number="482" hits="2"/>
                <line number="484" hits="2"/>
                <line number="485" hits="2"/>
                <line number="486" hits="2"/>
                <line number="487" hits="2"/>
                <line number="489" hits="2"/>
                <line number="490" hits="2"/>
                <line number="491" hits="2"/>
                <line number="492" hits="2"/>
                <line number="494" hits="2"/>
                <line number="495" hits="2"/>
                <line number="496" hits="2"/>
                <line number="497" hits="2"/>
                <line number="499" hits="2"/>
                <line number="500" hits="2"/>
                <line number="501" hits="2"/>
                <line number="502" hits="2"/>
                <line number="505" hits="4"/>
                <line number="506" hits="4"/>
                <line number="508" hits="4"/>
                <line number="510" hits="4"/>
                <line number="511" hits="2"/>
                <line number="512" hits="2"/>
                <line number="513" hits="2"/>
                <line number="516" hits="2"/>
                <line number="517" hits="2"/>
                <line number="518" hits="2"/>
                <line number="519" hits="2"/>
                <line number="520" hits="2"/>
                <line number="521" hits="2"/>
                <line number="522" hits="2"/>
                <line number="523" hits="2"/>
                <line number="524" hits="2"/>
                <line number="525" hits="2"/>
                <line number="526" hits="2"/>
                <line number="527" hits="2"/>
                <line number="529" hits="2"/>
                <line number="530" hits="2"/>
                <line number="531" hits="2"/>
                <line number="532" hits="2"/>
                <line number="537" hits="2"/>
                <line number="539" hits="2"/>
              </lines>
            </method>
            <method name="saveRevision" signature="Page $page" line-rate="1" branch-rate="0" complexity="4">
              <lines>
                <line number="550" hits="9"/>
                <line number="552" hits="9"/>
                <line number="554" hits="9"/>
                <line number="555" hits="9"/>
                <line number="556" hits="9"/>
                <line number="557" hits="9"/>
                <line number="559" hits="9"/>
                <line number="560" hits="9"/>
                <line number="561" hits="9"/>
                <line number="563" hits="9"/>
                <line number="564" hits="9"/>
                <line number="566" hits="9"/>
                <line number="568" hits="9"/>
              </lines>
            </method>
            <method name="show" signature="Page $page, Requests\Page\ShowRequest $request" line-rate="1" branch-rate="0" complexity="2">
              <lines>
                <line number="581" hits="2"/>
                <line number="583" hits="2"/>
                <line number="584" hits="1"/>
                <line number="585" hits="1"/>
                <line number="586" hits="1"/>
                <line number="589" hits="1"/>
                <line number="591" hits="1"/>
                <line number="593" hits="1"/>
                <line number="594" hits="1"/>
                <line number="595" hits="1"/>
                <line number="596" hits="1"/>
                <line number="597" hits="1"/>
                <line number="598" hits="1"/>
                <line number="600" hits="1"/>
                <line number="601" hits="1"/>
                <line number="602" hits="1"/>
                <line number="603" hits="1"/>
                <line number="608" hits="1"/>
                <line number="610" hits="1"/>
              </lines>
            </method>
            <method name="store" signature="Requests\Page\StoreRequest $request" line-rate="1" branch-rate="0" complexity="5">
              <lines>
                <line number="622" hits="3"/>
                <line number="624" hits="3"/>
                <line number="626" hits="3"/>
                <line number="628" hits="3"/>
                <line number="630" hits="3"/>
                <line number="631" hits="3"/>
                <line number="634" hits="3"/>
                <line number="636" hits="3"/>
                <line number="637" hits="1"/>
                <line number="638" hits="1"/>
                <line number="639" hits="1"/>
                <line number="642" hits="2"/>
                <line number="644" hits="2"/>
                <line number="645" hits="1"/>
                <line number="648" hits="1"/>
                <line number="649" hits="1"/>
                <line number="650" hits="1"/>
                <line number="651" hits="1"/>
              </lines>
            </method>
            <method name="unlock" signature="Page $page, Requests\Page\UnlockRequest $request" line-rate="1" branch-rate="0" complexity="5">
              <lines>
                <line number="664" hits="4"/>
                <line number="666" hits="4"/>
                <line number="668" hits="4"/>
                <line number="670" hits="4"/>
                <line number="672" hits="4"/>
                <line number="673" hits="4"/>
                <line number="676" hits="4"/>
                <line number="678" hits="4"/>
                <line number="679" hits="2"/>
                <line number="680" hits="2"/>
                <line number="681" hits="2"/>
                <line number="684" hits="2"/>
                <line number="686" hits="2"/>
                <line number="687" hits="1"/>
                <line number="690" hits="1"/>
                <line number="691" hits="1"/>
                <line number="692" hits="1"/>
                <line number="693" hits="1"/>
              </lines>
            </method>
            <method name="update" signature="Page $page, Requests\Page\UpdateRequest $request" line-rate="1" branch-rate="0" complexity="5">
              <lines>
                <line number="706" hits="5"/>
                <line number="708" hits="5"/>
                <line number="710" hits="5"/>
                <line number="712" hits="5"/>
                <line number="714" hits="5"/>
                <line number="715" hits="5"/>
                <line number="718" hits="5"/>
                <line number="720" hits="5"/>
                <line number="721" hits="2"/>
                <line number="722" hits="2"/>
                <line number="723" hits="2"/>
                <line number="726" hits="3"/>
                <line number="728" hits="3"/>
                <line number="729" hits="1"/>
                <line number="732" hits="2"/>
                <line number="733" hits="2"/>
                <line number="734" hits="2"/>
                <line number="735" hits="2"/>
              </lines>
            </method>
          </methods>
          <lines>
            <line number="54" hits="3"/>
            <line number="56" hits="3"/>
            <line number="58" hits="3"/>
            <line number="60" hits="3"/>
            <line number="62" hits="3"/>
            <line number="63" hits="1"/>
            <line number="64" hits="1"/>
            <line number="65" hits="1"/>
            <line number="68" hits="2"/>
            <line number="69" hits="2"/>
            <line number="70" hits="2"/>
            <line number="71" hits="2"/>
            <line number="72" hits="2"/>
            <line number="73" hits="2"/>
            <line number="75" hits="2"/>
            <line number="76" hits="2"/>
            <line number="77" hits="2"/>
            <line number="78" hits="2"/>
            <line number="79" hits="2"/>
            <line number="81" hits="2"/>
            <line number="83" hits="2"/>
            <line number="84" hits="1"/>
            <line number="85" hits="1"/>
            <line number="88" hits="2"/>
            <line number="89" hits="2"/>
            <line number="95" hits="2"/>
            <line number="97" hits="2"/>
            <line number="110" hits="3"/>
            <line number="112" hits="3"/>
            <line number="114" hits="3"/>
            <line number="116" hits="3"/>
            <line number="117" hits="1"/>
            <line number="118" hits="1"/>
            <line number="119" hits="1"/>
            <line number="122" hits="2"/>
            <line number="124" hits="2"/>
            <line number="125" hits="1"/>
            <line number="128" hits="2"/>
            <line number="129" hits="2"/>
            <line number="130" hits="2"/>
            <line number="131" hits="2"/>
            <line number="132" hits="2"/>
            <line number="133" hits="2"/>
            <line number="135" hits="2"/>
            <line number="136" hits="2"/>
            <line number="137" hits="2"/>
            <line number="138" hits="2"/>
            <line number="139" hits="2"/>
            <line number="141" hits="2"/>
            <line number="146" hits="2"/>
            <line number="148" hits="2"/>
            <line number="161" hits="7"/>
            <line number="163" hits="7"/>
            <line number="165" hits="7"/>
            <line number="167" hits="7"/>
            <line number="168" hits="7"/>
            <line number="171" hits="7"/>
            <line number="172" hits="5"/>
            <line number="174" hits="2"/>
            <line number="177" hits="7"/>
            <line number="178" hits="4"/>
            <line number="181" hits="3"/>
            <line number="183" hits="3"/>
            <line number="184" hits="1"/>
            <line number="187" hits="2"/>
            <line number="200" hits="4"/>
            <line number="202" hits="4"/>
            <line number="204" hits="4"/>
            <line number="206" hits="4"/>
            <line number="207" hits="4"/>
            <line number="210" hits="4"/>
            <line number="212" hits="4"/>
            <line number="214" hits="4"/>
            <line number="215" hits="2"/>
            <line number="216" hits="2"/>
            <line number="217" hits="2"/>
            <line number="220" hits="2"/>
            <line number="222" hits="2"/>
            <line number="223" hits="1"/>
            <line number="226" hits="1"/>
            <line number="227" hits="1"/>
            <line number="228" hits="1"/>
            <line number="229" hits="1"/>
            <line number="241" hits="4"/>
            <line number="243" hits="4"/>
            <line number="254" hits="4"/>
            <line number="256" hits="4"/>
            <line number="258" hits="4"/>
            <line number="260" hits="4"/>
            <line number="262" hits="2"/>
            <line number="264" hits="2"/>
            <line number="265" hits="2"/>
            <line number="266" hits="2"/>
            <line number="267" hits="2"/>
            <line number="269" hits="2"/>
            <line number="270" hits="2"/>
            <line number="271" hits="2"/>
            <line number="272" hits="2"/>
            <line number="274" hits="2"/>
            <line number="275" hits="2"/>
            <line number="276" hits="2"/>
            <line number="277" hits="2"/>
            <line number="279" hits="2"/>
            <line number="280" hits="2"/>
            <line number="281" hits="2"/>
            <line number="282" hits="2"/>
            <line number="285" hits="4"/>
            <line number="286" hits="4"/>
            <line number="288" hits="4"/>
            <line number="290" hits="4"/>
            <line number="291" hits="2"/>
            <line number="294" hits="2"/>
            <line number="295" hits="2"/>
            <line number="296" hits="2"/>
            <line number="297" hits="2"/>
            <line number="298" hits="2"/>
            <line number="299" hits="2"/>
            <line number="300" hits="2"/>
            <line number="301" hits="2"/>
            <line number="302" hits="2"/>
            <line number="303" hits="2"/>
            <line number="304" hits="2"/>
            <line number="305" hits="2"/>
            <line number="307" hits="2"/>
            <line number="308" hits="2"/>
            <line number="309" hits="2"/>
            <line number="310" hits="2"/>
            <line number="315" hits="2"/>
            <line number="317" hits="2"/>
            <line number="330" hits="4"/>
            <line number="332" hits="4"/>
            <line number="334" hits="4"/>
            <line number="336" hits="4"/>
            <line number="337" hits="4"/>
            <line number="340" hits="4"/>
            <line number="342" hits="4"/>
            <line number="343" hits="2"/>
            <line number="344" hits="2"/>
            <line number="345" hits="2"/>
            <line number="348" hits="2"/>
            <line number="350" hits="2"/>
            <line number="351" hits="1"/>
            <line number="354" hits="1"/>
            <line number="355" hits="1"/>
            <line number="356" hits="1"/>
            <line number="357" hits="1"/>
            <line number="370" hits="4"/>
            <line number="372" hits="4"/>
            <line number="377" hits="4"/>
            <line number="378" hits="4"/>
            <line number="379" hits="4"/>
            <line number="380" hits="4"/>
            <line number="382" hits="4"/>
            <line number="384" hits="4"/>
            <line number="386" hits="4"/>
            <line number="387" hits="4"/>
            <line number="388" hits="4"/>
            <line number="389" hits="4"/>
            <line number="390" hits="4"/>
            <line number="393" hits="4"/>
            <line number="395" hits="4"/>
            <line number="396" hits="2"/>
            <line number="397" hits="2"/>
            <line number="398" hits="2"/>
            <line number="401" hits="2"/>
            <line number="403" hits="2"/>
            <line number="404" hits="1"/>
            <line number="407" hits="1"/>
            <line number="408" hits="1"/>
            <line number="409" hits="1"/>
            <line number="410" hits="1"/>
            <line number="423" hits="2"/>
            <line number="425" hits="2"/>
            <line number="426" hits="1"/>
            <line number="427" hits="1"/>
            <line number="428" hits="1"/>
            <line number="431" hits="1"/>
            <line number="433" hits="1"/>
            <line number="434" hits="1"/>
            <line number="435" hits="1"/>
            <line number="436" hits="1"/>
            <line number="437" hits="1"/>
            <line number="438" hits="1"/>
            <line number="440" hits="1"/>
            <line number="441" hits="1"/>
            <line number="442" hits="1"/>
            <line number="443" hits="1"/>
            <line number="448" hits="1"/>
            <line number="450" hits="1"/>
            <line number="462" hits="4"/>
            <line number="464" hits="4"/>
            <line number="475" hits="4"/>
            <line number="477" hits="4"/>
            <line number="479" hits="4"/>
            <line number="481" hits="4"/>
            <line number="482" hits="2"/>
            <line number="484" hits="2"/>
            <line number="485" hits="2"/>
            <line number="486" hits="2"/>
            <line number="487" hits="2"/>
            <line number="489" hits="2"/>
            <line number="490" hits="2"/>
            <line number="491" hits="2"/>
            <line number="492" hits="2"/>
            <line number="494" hits="2"/>
            <line number="495" hits="2"/>
            <line number="496" hits="2"/>
            <line number="497" hits="2"/>
            <line number="499" hits="2"/>
            <line number="500" hits="2"/>
            <line number="501" hits="2"/>
            <line number="502" hits="2"/>
            <line number="505" hits="4"/>
            <line number="506" hits="4"/>
            <line number="508" hits="4"/>
            <line number="510" hits="4"/>
            <line number="511" hits="2"/>
            <line number="512" hits="2"/>
            <line number="513" hits="2"/>
            <line number="516" hits="2"/>
            <line number="517" hits="2"/>
            <line number="518" hits="2"/>
            <line number="519" hits="2"/>
            <line number="520" hits="2"/>
            <line number="521" hits="2"/>
            <line number="522" hits="2"/>
            <line number="523" hits="2"/>
            <line number="524" hits="2"/>
            <line number="525" hits="2"/>
            <line number="526" hits="2"/>
            <line number="527" hits="2"/>
            <line number="529" hits="2"/>
            <line number="530" hits="2"/>
            <line number="531" hits="2"/>
            <line number="532" hits="2"/>
            <line number="537" hits="2"/>
            <line number="539" hits="2"/>
            <line number="550" hits="9"/>
            <line number="552" hits="9"/>
            <line number="554" hits="9"/>
            <line number="555" hits="9"/>
            <line number="556" hits="9"/>
            <line number="557" hits="9"/>
            <line number="559" hits="9"/>
            <line number="560" hits="9"/>
            <line number="561" hits="9"/>
            <line number="563" hits="9"/>
            <line number="564" hits="9"/>
            <line number="566" hits="9"/>
            <line number="568" hits="9"/>
            <line number="581" hits="2"/>
            <line number="583" hits="2"/>
            <line number="584" hits="1"/>
            <line number="585" hits="1"/>
            <line number="586" hits="1"/>
            <line number="589" hits="1"/>
            <line number="591" hits="1"/>
            <line number="593" hits="1"/>
            <line number="594" hits="1"/>
            <line number="595" hits="1"/>
            <line number="596" hits="1"/>
            <line number="597" hits="1"/>
            <line number="598" hits="1"/>
            <line number="600" hits="1"/>
            <line number="601" hits="1"/>
            <line number="602" hits="1"/>
            <line number="603" hits="1"/>
            <line number="608" hits="1"/>
            <line number="610" hits="1"/>
            <line number="622" hits="3"/>
            <line number="624" hits="3"/>
            <line number="626" hits="3"/>
            <line number="628" hits="3"/>
            <line number="630" hits="3"/>
            <line number="631" hits="3"/>
            <line number="634" hits="3"/>
            <line number="636" hits="3"/>
            <line number="637" hits="1"/>
            <line number="638" hits="1"/>
            <line number="639" hits="1"/>
            <line number="642" hits="2"/>
            <line number="644" hits="2"/>
            <line number="645" hits="1"/>
            <line number="648" hits="1"/>
            <line number="649" hits="1"/>
            <line number="650" hits="1"/>
            <line number="651" hits="1"/>
            <line number="664" hits="4"/>
            <line number="666" hits="4"/>
            <line number="668" hits="4"/>
            <line number="670" hits="4"/>
            <line number="672" hits="4"/>
            <line number="673" hits="4"/>
            <line number="676" hits="4"/>
            <line number="678" hits="4"/>
            <line number="679" hits="2"/>
            <line number="680" hits="2"/>
            <line number="681" hits="2"/>
            <line number="684" hits="2"/>
            <line number="686" hits="2"/>
            <line number="687" hits="1"/>
            <line number="690" hits="1"/>
            <line number="691" hits="1"/>
            <line number="692" hits="1"/>
            <line number="693" hits="1"/>
            <line number="706" hits="5"/>
            <line number="708" hits="5"/>
            <line number="710" hits="5"/>
            <line number="712" hits="5"/>
            <line number="714" hits="5"/>
            <line number="715" hits="5"/>
            <line number="718" hits="5"/>
            <line number="720" hits="5"/>
            <line number="721" hits="2"/>
            <line number="722" hits="2"/>
            <line number="723" hits="2"/>
            <line number="726" hits="3"/>
            <line number="728" hits="3"/>
            <line number="729" hits="1"/>
            <line number="732" hits="2"/>
            <line number="733" hits="2"/>
            <line number="734" hits="2"/>
            <line number="735" hits="2"/>
          </lines>
        </class>
      </classes>
    </package>
    <package name="Http/Controllers/SnippetController.php" line-rate="1" branch-rate="0" complexity="63">
      <classes>
        <class name="Playground\Cms\Resource\Http\Controllers\SnippetController" filename="Http/Controllers/SnippetController.php" line-rate="1" branch-rate="0" complexity="63">
          <methods>
            <method name="create" signature="Requests\Snippet\CreateRequest $request" line-rate="1" branch-rate="0" complexity="4">
              <lines>
                <line number="54" hits="3"/>
                <line number="56" hits="3"/>
                <line number="58" hits="3"/>
                <line number="60" hits="3"/>
                <line number="62" hits="3"/>
                <line number="63" hits="1"/>
                <line number="64" hits="1"/>
                <line number="65" hits="1"/>
                <line number="68" hits="2"/>
                <line number="69" hits="2"/>
                <line number="70" hits="2"/>
                <line number="71" hits="2"/>
                <line number="72" hits="2"/>
                <line number="73" hits="2"/>
                <line number="75" hits="2"/>
                <line number="76" hits="2"/>
                <line number="77" hits="2"/>
                <line number="78" hits="2"/>
                <line number="79" hits="2"/>
                <line number="81" hits="2"/>
                <line number="83" hits="2"/>
                <line number="84" hits="1"/>
                <line number="85" hits="1"/>
                <line number="88" hits="2"/>
                <line number="89" hits="2"/>
                <line number="95" hits="2"/>
                <line number="97" hits="2"/>
              </lines>
            </method>
            <method name="edit" signature="Snippet $snippet, Requests\Snippet\EditRequest $request" line-rate="1" branch-rate="0" complexity="3">
              <lines>
                <line number="110" hits="3"/>
                <line number="112" hits="3"/>
                <line number="114" hits="3"/>
                <line number="116" hits="3"/>
                <line number="117" hits="1"/>
                <line number="118" hits="1"/>
                <line number="119" hits="1"/>
                <line number="122" hits="2"/>
                <line number="124" hits="2"/>
                <line number="125" hits="1"/>
                <line number="128" hits="2"/>
                <line number="129" hits="2"/>
                <line number="130" hits="2"/>
                <line number="131" hits="2"/>
                <line number="132" hits="2"/>
                <line number="133" hits="2"/>
                <line number="135" hits="2"/>
                <line number="136" hits="2"/>
                <line number="137" hits="2"/>
                <line number="138" hits="2"/>
                <line number="139" hits="2"/>
                <line number="141" hits="2"/>
                <line number="146" hits="2"/>
                <line number="148" hits="2"/>
              </lines>
            </method>
            <method name="destroy" signature="Snippet $snippet, Requests\Snippet\DestroyRequest $request" line-rate="1" branch-rate="0" complexity="6">
              <lines>
                <line number="161" hits="7"/>
                <line number="163" hits="7"/>
                <line number="165" hits="7"/>
                <line number="167" hits="7"/>
                <line number="168" hits="7"/>
                <line number="171" hits="7"/>
                <line number="172" hits="5"/>
                <line number="174" hits="2"/>
                <line number="177" hits="7"/>
                <line number="178" hits="4"/>
                <line number="181" hits="3"/>
                <line number="183" hits="3"/>
                <line number="184" hits="1"/>
                <line number="187" hits="2"/>
              </lines>
            </method>
            <method name="lock" signature="Snippet $snippet, Requests\Snippet\LockRequest $request" line-rate="1" branch-rate="0" complexity="5">
              <lines>
                <line number="200" hits="4"/>
                <line number="202" hits="4"/>
                <line number="204" hits="4"/>
                <line number="206" hits="4"/>
                <line number="207" hits="4"/>
                <line number="210" hits="4"/>
                <line number="212" hits="4"/>
                <line number="214" hits="4"/>
                <line number="215" hits="2"/>
                <line number="216" hits="2"/>
                <line number="217" hits="2"/>
                <line number="220" hits="2"/>
                <line number="222" hits="2"/>
                <line number="223" hits="1"/>
                <line number="226" hits="1"/>
                <line number="227" hits="1"/>
                <line number="228" hits="1"/>
                <line number="229" hits="1"/>
              </lines>
            </method>
            <method name="index" signature="Requests\Snippet\IndexRequest $request" line-rate="1" branch-rate="0" complexity="6">
              <lines>
                <line number="241" hits="4"/>
                <line number="243" hits="4"/>
                <line number="254" hits="4"/>
                <line number="256" hits="4"/>
                <line number="258" hits="4"/>
                <line number="260" hits="4"/>
                <line number="262" hits="2"/>
                <line number="264" hits="2"/>
                <line number="265" hits="2"/>
                <line number="266" hits="2"/>
                <line number="267" hits="2"/>
                <line number="269" hits="2"/>
                <line number="270" hits="2"/>
                <line number="271" hits="2"/>
                <line number="272" hits="2"/>
                <line number="274" hits="2"/>
                <line number="275" hits="2"/>
                <line number="276" hits="2"/>
                <line number="277" hits="2"/>
                <line number="279" hits="2"/>
                <line number="280" hits="2"/>
                <line number="281" hits="2"/>
                <line number="282" hits="2"/>
                <line number="285" hits="4"/>
                <line number="286" hits="4"/>
                <line number="288" hits="4"/>
                <line number="290" hits="4"/>
                <line number="291" hits="2"/>
                <line number="294" hits="2"/>
                <line number="295" hits="2"/>
                <line number="296" hits="2"/>
                <line number="297" hits="2"/>
                <line number="298" hits="2"/>
                <line number="299" hits="2"/>
                <line number="300" hits="2"/>
                <line number="301" hits="2"/>
                <line number="302" hits="2"/>
                <line number="303" hits="2"/>
                <line number="304" hits="2"/>
                <line number="305" hits="2"/>
                <line number="307" hits="2"/>
                <line number="308" hits="2"/>
                <line number="309" hits="2"/>
                <line number="310" hits="2"/>
                <line number="315" hits="2"/>
                <line number="317" hits="2"/>
              </lines>
            </method>
            <method name="restore" signature="Snippet $snippet, Requests\Snippet\RestoreRequest $request" line-rate="1" branch-rate="0" complexity="5">
              <lines>
                <line number="330" hits="4"/>
                <line number="332" hits="4"/>
                <line number="334" hits="4"/>
                <line number="336" hits="4"/>
                <line number="337" hits="4"/>
                <line number="340" hits="4"/>
                <line number="342" hits="4"/>
                <line number="343" hits="2"/>
                <line number="344" hits="2"/>
                <line number="345" hits="2"/>
                <line number="348" hits="2"/>
                <line number="350" hits="2"/>
                <line number="351" hits="1"/>
                <line number="354" hits="1"/>
                <line number="355" hits="1"/>
                <line number="356" hits="1"/>
                <line number="357" hits="1"/>
              </lines>
            </method>
            <method name="restoreRevision" signature="SnippetRevision $snippet_revision, Requests\Snippet\RestoreRevisionRequest $request" line-rate="1" branch-rate="0" complexity="5">
              <lines>
                <line number="370" hits="4"/>
                <line number="372" hits="4"/>
                <line number="377" hits="4"/>
                <line number="378" hits="4"/>
                <line number="379" hits="4"/>
                <line number="380" hits="4"/>
                <line number="382" hits="4"/>
                <line number="384" hits="4"/>
                <line number="386" hits="4"/>
                <line number="387" hits="4"/>
                <line number="388" hits="4"/>
                <line number="389" hits="4"/>
                <line number="390" hits="4"/>
                <line number="393" hits="4"/>
                <line number="395" hits="4"/>
                <line number="396" hits="2"/>
                <line number="397" hits="2"/>
                <line number="398" hits="2"/>
                <line number="401" hits="2"/>
                <line number="403" hits="2"/>
                <line number="404" hits="1"/>
                <line number="407" hits="1"/>
                <line number="408" hits="1"/>
                <line number="409" hits="1"/>
                <line number="410" hits="1"/>
              </lines>
            </method>
            <method name="revision" signature="SnippetRevision $snippet_revision, Requests\Snippet\ShowRevisionRequest $request" line-rate="1" branch-rate="0" complexity="2">
              <lines>
                <line number="423" hits="2"/>
                <line number="425" hits="2"/>
                <line number="426" hits="1"/>
                <line number="427" hits="1"/>
                <line number="428" hits="1"/>
                <line number="431" hits="1"/>
                <line number="433" hits="1"/>
                <line number="434" hits="1"/>
                <line number="435" hits="1"/>
                <line number="436" hits="1"/>
                <line number="437" hits="1"/>
                <line number="438" hits="1"/>
                <line number="440" hits="1"/>
                <line number="441" hits="1"/>
                <line number="442" hits="1"/>
                <line number="443" hits="1"/>
                <line number="448" hits="1"/>
                <line number="450" hits="1"/>
              </lines>
            </method>
            <method name="revisions" signature="Snippet $snippet, Requests\Snippet\RevisionsRequest $request" line-rate="1" branch-rate="0" complexity="6">
              <lines>
                <line number="462" hits="4"/>
                <line number="464" hits="4"/>
                <line number="475" hits="4"/>
                <line number="477" hits="4"/>
                <line number="479" hits="4"/>
                <line number="481" hits="4"/>
                <line number="482" hits="2"/>
                <line number="484" hits="2"/>
                <line number="485" hits="2"/>
                <line number="486" hits="2"/>
                <line number="487" hits="2"/>
                <line number="489" hits="2"/>
                <line number="490" hits="2"/>
                <line number="491" hits="2"/>
                <line number="492" hits="2"/>
                <line number="494" hits="2"/>
                <line number="495" hits="2"/>
                <line number="496" hits="2"/>
                <line number="497" hits="2"/>
                <line number="499" hits="2"/>
                <line number="500" hits="2"/>
                <line number="501" hits="2"/>
                <line number="502" hits="2"/>
                <line number="505" hits="4"/>
                <line number="506" hits="4"/>
                <line number="508" hits="4"/>
                <line number="510" hits="4"/>
                <line number="511" hits="2"/>
                <line number="512" hits="2"/>
                <line number="513" hits="2"/>
                <line number="516" hits="2"/>
                <line number="517" hits="2"/>
                <line number="518" hits="2"/>
                <line number="519" hits="2"/>
                <line number="520" hits="2"/>
                <line number="521" hits="2"/>
                <line number="522" hits="2"/>
                <line number="523" hits="2"/>
                <line number="524" hits="2"/>
                <line number="525" hits="2"/>
                <line number="526" hits="2"/>
                <line number="527" hits="2"/>
                <line number="529" hits="2"/>
                <line number="530" hits="2"/>
                <line number="531" hits="2"/>
                <line number="532" hits="2"/>
                <line number="537" hits="2"/>
                <line number="539" hits="2"/>
              </lines>
            </method>
            <method name="saveRevision" signature="Snippet $snippet" line-rate="1" branch-rate="0" complexity="4">
              <lines>
                <line number="550" hits="9"/>
                <line number="552" hits="9"/>
                <line number="554" hits="9"/>
                <line number="555" hits="9"/>
                <line number="556" hits="9"/>
                <line number="557" hits="9"/>
                <line number="559" hits="9"/>
                <line number="560" hits="9"/>
                <line number="561" hits="9"/>
                <line number="563" hits="9"/>
                <line number="564" hits="9"/>
                <line number="566" hits="9"/>
                <line number="568" hits="9"/>
              </lines>
            </method>
            <method name="show" signature="Snippet $snippet, Requests\Snippet\ShowRequest $request" line-rate="1" branch-rate="0" complexity="2">
              <lines>
                <line number="581" hits="2"/>
                <line number="583" hits="2"/>
                <line number="584" hits="1"/>
                <line number="585" hits="1"/>
                <line number="586" hits="1"/>
                <line number="589" hits="1"/>
                <line number="591" hits="1"/>
                <line number="593" hits="1"/>
                <line number="594" hits="1"/>
                <line number="595" hits="1"/>
                <line number="596" hits="1"/>
                <line number="597" hits="1"/>
                <line number="598" hits="1"/>
                <line number="600" hits="1"/>
                <line number="601" hits="1"/>
                <line number="602" hits="1"/>
                <line number="603" hits="1"/>
                <line number="608" hits="1"/>
                <line number="610" hits="1"/>
              </lines>
            </method>
            <method name="store" signature="Requests\Snippet\StoreRequest $request" line-rate="1" branch-rate="0" complexity="5">
              <lines>
                <line number="622" hits="3"/>
                <line number="624" hits="3"/>
                <line number="626" hits="3"/>
                <line number="628" hits="3"/>
                <line number="630" hits="3"/>
                <line number="631" hits="3"/>
                <line number="634" hits="3"/>
                <line number="636" hits="3"/>
                <line number="637" hits="1"/>
                <line number="638" hits="1"/>
                <line number="639" hits="1"/>
                <line number="642" hits="2"/>
                <line number="644" hits="2"/>
                <line number="645" hits="1"/>
                <line number="648" hits="1"/>
                <line number="649" hits="1"/>
                <line number="650" hits="1"/>
                <line number="651" hits="1"/>
              </lines>
            </method>
            <method name="unlock" signature="Snippet $snippet, Requests\Snippet\UnlockRequest $request" line-rate="1" branch-rate="0" complexity="5">
              <lines>
                <line number="664" hits="4"/>
                <line number="666" hits="4"/>
                <line number="668" hits="4"/>
                <line number="670" hits="4"/>
                <line number="672" hits="4"/>
                <line number="673" hits="4"/>
                <line number="676" hits="4"/>
                <line number="678" hits="4"/>
                <line number="679" hits="2"/>
                <line number="680" hits="2"/>
                <line number="681" hits="2"/>
                <line number="684" hits="2"/>
                <line number="686" hits="2"/>
                <line number="687" hits="1"/>
                <line number="690" hits="1"/>
                <line number="691" hits="1"/>
                <line number="692" hits="1"/>
                <line number="693" hits="1"/>
              </lines>
            </method>
            <method name="update" signature="Snippet $snippet, Requests\Snippet\UpdateRequest $request" line-rate="1" branch-rate="0" complexity="5">
              <lines>
                <line number="706" hits="5"/>
                <line number="708" hits="5"/>
                <line number="710" hits="5"/>
                <line number="712" hits="5"/>
                <line number="714" hits="5"/>
                <line number="715" hits="5"/>
                <line number="718" hits="5"/>
                <line number="720" hits="5"/>
                <line number="721" hits="2"/>
                <line number="722" hits="2"/>
                <line number="723" hits="2"/>
                <line number="726" hits="3"/>
                <line number="728" hits="3"/>
                <line number="729" hits="1"/>
                <line number="732" hits="2"/>
                <line number="733" hits="2"/>
                <line number="734" hits="2"/>
                <line number="735" hits="2"/>
              </lines>
            </method>
          </methods>
          <lines>
            <line number="54" hits="3"/>
            <line number="56" hits="3"/>
            <line number="58" hits="3"/>
            <line number="60" hits="3"/>
            <line number="62" hits="3"/>
            <line number="63" hits="1"/>
            <line number="64" hits="1"/>
            <line number="65" hits="1"/>
            <line number="68" hits="2"/>
            <line number="69" hits="2"/>
            <line number="70" hits="2"/>
            <line number="71" hits="2"/>
            <line number="72" hits="2"/>
            <line number="73" hits="2"/>
            <line number="75" hits="2"/>
            <line number="76" hits="2"/>
            <line number="77" hits="2"/>
            <line number="78" hits="2"/>
            <line number="79" hits="2"/>
            <line number="81" hits="2"/>
            <line number="83" hits="2"/>
            <line number="84" hits="1"/>
            <line number="85" hits="1"/>
            <line number="88" hits="2"/>
            <line number="89" hits="2"/>
            <line number="95" hits="2"/>
            <line number="97" hits="2"/>
            <line number="110" hits="3"/>
            <line number="112" hits="3"/>
            <line number="114" hits="3"/>
            <line number="116" hits="3"/>
            <line number="117" hits="1"/>
            <line number="118" hits="1"/>
            <line number="119" hits="1"/>
            <line number="122" hits="2"/>
            <line number="124" hits="2"/>
            <line number="125" hits="1"/>
            <line number="128" hits="2"/>
            <line number="129" hits="2"/>
            <line number="130" hits="2"/>
            <line number="131" hits="2"/>
            <line number="132" hits="2"/>
            <line number="133" hits="2"/>
            <line number="135" hits="2"/>
            <line number="136" hits="2"/>
            <line number="137" hits="2"/>
            <line number="138" hits="2"/>
            <line number="139" hits="2"/>
            <line number="141" hits="2"/>
            <line number="146" hits="2"/>
            <line number="148" hits="2"/>
            <line number="161" hits="7"/>
            <line number="163" hits="7"/>
            <line number="165" hits="7"/>
            <line number="167" hits="7"/>
            <line number="168" hits="7"/>
            <line number="171" hits="7"/>
            <line number="172" hits="5"/>
            <line number="174" hits="2"/>
            <line number="177" hits="7"/>
            <line number="178" hits="4"/>
            <line number="181" hits="3"/>
            <line number="183" hits="3"/>
            <line number="184" hits="1"/>
            <line number="187" hits="2"/>
            <line number="200" hits="4"/>
            <line number="202" hits="4"/>
            <line number="204" hits="4"/>
            <line number="206" hits="4"/>
            <line number="207" hits="4"/>
            <line number="210" hits="4"/>
            <line number="212" hits="4"/>
            <line number="214" hits="4"/>
            <line number="215" hits="2"/>
            <line number="216" hits="2"/>
            <line number="217" hits="2"/>
            <line number="220" hits="2"/>
            <line number="222" hits="2"/>
            <line number="223" hits="1"/>
            <line number="226" hits="1"/>
            <line number="227" hits="1"/>
            <line number="228" hits="1"/>
            <line number="229" hits="1"/>
            <line number="241" hits="4"/>
            <line number="243" hits="4"/>
            <line number="254" hits="4"/>
            <line number="256" hits="4"/>
            <line number="258" hits="4"/>
            <line number="260" hits="4"/>
            <line number="262" hits="2"/>
            <line number="264" hits="2"/>
            <line number="265" hits="2"/>
            <line number="266" hits="2"/>
            <line number="267" hits="2"/>
            <line number="269" hits="2"/>
            <line number="270" hits="2"/>
            <line number="271" hits="2"/>
            <line number="272" hits="2"/>
            <line number="274" hits="2"/>
            <line number="275" hits="2"/>
            <line number="276" hits="2"/>
            <line number="277" hits="2"/>
            <line number="279" hits="2"/>
            <line number="280" hits="2"/>
            <line number="281" hits="2"/>
            <line number="282" hits="2"/>
            <line number="285" hits="4"/>
            <line number="286" hits="4"/>
            <line number="288" hits="4"/>
            <line number="290" hits="4"/>
            <line number="291" hits="2"/>
            <line number="294" hits="2"/>
            <line number="295" hits="2"/>
            <line number="296" hits="2"/>
            <line number="297" hits="2"/>
            <line number="298" hits="2"/>
            <line number="299" hits="2"/>
            <line number="300" hits="2"/>
            <line number="301" hits="2"/>
            <line number="302" hits="2"/>
            <line number="303" hits="2"/>
            <line number="304" hits="2"/>
            <line number="305" hits="2"/>
            <line number="307" hits="2"/>
            <line number="308" hits="2"/>
            <line number="309" hits="2"/>
            <line number="310" hits="2"/>
            <line number="315" hits="2"/>
            <line number="317" hits="2"/>
            <line number="330" hits="4"/>
            <line number="332" hits="4"/>
            <line number="334" hits="4"/>
            <line number="336" hits="4"/>
            <line number="337" hits="4"/>
            <line number="340" hits="4"/>
            <line number="342" hits="4"/>
            <line number="343" hits="2"/>
            <line number="344" hits="2"/>
            <line number="345" hits="2"/>
            <line number="348" hits="2"/>
            <line number="350" hits="2"/>
            <line number="351" hits="1"/>
            <line number="354" hits="1"/>
            <line number="355" hits="1"/>
            <line number="356" hits="1"/>
            <line number="357" hits="1"/>
            <line number="370" hits="4"/>
            <line number="372" hits="4"/>
            <line number="377" hits="4"/>
            <line number="378" hits="4"/>
            <line number="379" hits="4"/>
            <line number="380" hits="4"/>
            <line number="382" hits="4"/>
            <line number="384" hits="4"/>
            <line number="386" hits="4"/>
            <line number="387" hits="4"/>
            <line number="388" hits="4"/>
            <line number="389" hits="4"/>
            <line number="390" hits="4"/>
            <line number="393" hits="4"/>
            <line number="395" hits="4"/>
            <line number="396" hits="2"/>
            <line number="397" hits="2"/>
            <line number="398" hits="2"/>
            <line number="401" hits="2"/>
            <line number="403" hits="2"/>
            <line number="404" hits="1"/>
            <line number="407" hits="1"/>
            <line number="408" hits="1"/>
            <line number="409" hits="1"/>
            <line number="410" hits="1"/>
            <line number="423" hits="2"/>
            <line number="425" hits="2"/>
            <line number="426" hits="1"/>
            <line number="427" hits="1"/>
            <line number="428" hits="1"/>
            <line number="431" hits="1"/>
            <line number="433" hits="1"/>
            <line number="434" hits="1"/>
            <line number="435" hits="1"/>
            <line number="436" hits="1"/>
            <line number="437" hits="1"/>
            <line number="438" hits="1"/>
            <line number="440" hits="1"/>
            <line number="441" hits="1"/>
            <line number="442" hits="1"/>
            <line number="443" hits="1"/>
            <line number="448" hits="1"/>
            <line number="450" hits="1"/>
            <line number="462" hits="4"/>
            <line number="464" hits="4"/>
            <line number="475" hits="4"/>
            <line number="477" hits="4"/>
            <line number="479" hits="4"/>
            <line number="481" hits="4"/>
            <line number="482" hits="2"/>
            <line number="484" hits="2"/>
            <line number="485" hits="2"/>
            <line number="486" hits="2"/>
            <line number="487" hits="2"/>
            <line number="489" hits="2"/>
            <line number="490" hits="2"/>
            <line number="491" hits="2"/>
            <line number="492" hits="2"/>
            <line number="494" hits="2"/>
            <line number="495" hits="2"/>
            <line number="496" hits="2"/>
            <line number="497" hits="2"/>
            <line number="499" hits="2"/>
            <line number="500" hits="2"/>
            <line number="501" hits="2"/>
            <line number="502" hits="2"/>
            <line number="505" hits="4"/>
            <line number="506" hits="4"/>
            <line number="508" hits="4"/>
            <line number="510" hits="4"/>
            <line number="511" hits="2"/>
            <line number="512" hits="2"/>
            <line number="513" hits="2"/>
            <line number="516" hits="2"/>
            <line number="517" hits="2"/>
            <line number="518" hits="2"/>
            <line number="519" hits="2"/>
            <line number="520" hits="2"/>
            <line number="521" hits="2"/>
            <line number="522" hits="2"/>
            <line number="523" hits="2"/>
            <line number="524" hits="2"/>
            <line number="525" hits="2"/>
            <line number="526" hits="2"/>
            <line number="527" hits="2"/>
            <line number="529" hits="2"/>
            <line number="530" hits="2"/>
            <line number="531" hits="2"/>
            <line number="532" hits="2"/>
            <line number="537" hits="2"/>
            <line number="539" hits="2"/>
            <line number="550" hits="9"/>
            <line number="552" hits="9"/>
            <line number="554" hits="9"/>
            <line number="555" hits="9"/>
            <line number="556" hits="9"/>
            <line number="557" hits="9"/>
            <line number="559" hits="9"/>
            <line number="560" hits="9"/>
            <line number="561" hits="9"/>
            <line number="563" hits="9"/>
            <line number="564" hits="9"/>
            <line number="566" hits="9"/>
            <line number="568" hits="9"/>
            <line number="581" hits="2"/>
            <line number="583" hits="2"/>
            <line number="584" hits="1"/>
            <line number="585" hits="1"/>
            <line number="586" hits="1"/>
            <line number="589" hits="1"/>
            <line number="591" hits="1"/>
            <line number="593" hits="1"/>
            <line number="594" hits="1"/>
            <line number="595" hits="1"/>
            <line number="596" hits="1"/>
            <line number="597" hits="1"/>
            <line number="598" hits="1"/>
            <line number="600" hits="1"/>
            <line number="601" hits="1"/>
            <line number="602" hits="1"/>
            <line number="603" hits="1"/>
            <line number="608" hits="1"/>
            <line number="610" hits="1"/>
            <line number="622" hits="3"/>
            <line number="624" hits="3"/>
            <line number="626" hits="3"/>
            <line number="628" hits="3"/>
            <line number="630" hits="3"/>
            <line number="631" hits="3"/>
            <line number="634" hits="3"/>
            <line number="636" hits="3"/>
            <line number="637" hits="1"/>
            <line number="638" hits="1"/>
            <line number="639" hits="1"/>
            <line number="642" hits="2"/>
            <line number="644" hits="2"/>
            <line number="645" hits="1"/>
            <line number="648" hits="1"/>
            <line number="649" hits="1"/>
            <line number="650" hits="1"/>
            <line number="651" hits="1"/>
            <line number="664" hits="4"/>
            <line number="666" hits="4"/>
            <line number="668" hits="4"/>
            <line number="670" hits="4"/>
            <line number="672" hits="4"/>
            <line number="673" hits="4"/>
            <line number="676" hits="4"/>
            <line number="678" hits="4"/>
            <line number="679" hits="2"/>
            <line number="680" hits="2"/>
            <line number="681" hits="2"/>
            <line number="684" hits="2"/>
            <line number="686" hits="2"/>
            <line number="687" hits="1"/>
            <line number="690" hits="1"/>
            <line number="691" hits="1"/>
            <line number="692" hits="1"/>
            <line number="693" hits="1"/>
            <line number="706" hits="5"/>
            <line number="708" hits="5"/>
            <line number="710" hits="5"/>
            <line number="712" hits="5"/>
            <line number="714" hits="5"/>
            <line number="715" hits="5"/>
            <line number="718" hits="5"/>
            <line number="720" hits="5"/>
            <line number="721" hits="2"/>
            <line number="722" hits="2"/>
            <line number="723" hits="2"/>
            <line number="726" hits="3"/>
            <line number="728" hits="3"/>
            <line number="729" hits="1"/>
            <line number="732" hits="2"/>
            <line number="733" hits="2"/>
            <line number="734" hits="2"/>
            <line number="735" hits="2"/>
          </lines>
        </class>
      </classes>
    </package>
    <package name="Http/Requests/FormRequest.php" line-rate="1" branch-rate="0" complexity="6">
      <classes>
        <class name="Playground\Cms\Resource\Http\Requests\FormRequest" filename="Http/Requests/FormRequest.php" line-rate="1" branch-rate="0" complexity="6">
          <methods>
            <method name="authorize" signature="" line-rate="1" branch-rate="0" complexity="2">
              <lines>
                <line number="29" hits="76"/>
                <line number="31" hits="76"/>
                <line number="32" hits="1"/>
                <line number="35" hits="75"/>
              </lines>
            </method>
            <method name="rules" signature="" line-rate="1" branch-rate="0" complexity="1">
              <lines>
                <line number="45" hits="75"/>
              </lines>
            </method>
            <method name="userHasAdminPrivileges" signature="?Authenticatable $user" line-rate="1" branch-rate="0" complexity="3">
              <lines>
                <line number="50" hits="17"/>
                <line number="51" hits="17"/>
                <line number="52" hits="16"/>
                <line number="53" hits="15"/>
                <line number="56" hits="1"/>
                <line number="60" hits="17"/>
              </lines>
            </method>
          </methods>
          <lines>
            <line number="29" hits="76"/>
            <line number="31" hits="76"/>
            <line number="32" hits="1"/>
            <line number="35" hits="75"/>
            <line number="45" hits="75"/>
            <line number="50" hits="17"/>
            <line number="51" hits="17"/>
            <line number="52" hits="16"/>
            <line number="53" hits="15"/>
            <line number="56" hits="1"/>
            <line number="60" hits="17"/>
          </lines>
        </class>
      </classes>
    </package>
    <package name="Http/Requests/Page/CreateRequest.php" line-rate="0" branch-rate="0" complexity="0">
      <classes>
        <class name="Playground\Cms\Resource\Http\Requests\Page\CreateRequest" filename="Http/Requests/Page/CreateRequest.php" line-rate="0" branch-rate="0" complexity="0">
          <methods/>
          <lines/>
        </class>
      </classes>
    </package>
    <package name="Http/Requests/Page/DestroyRequest.php" line-rate="1" branch-rate="0" complexity="2">
      <classes>
        <class name="Playground\Cms\Resource\Http\Requests\Page\DestroyRequest" filename="Http/Requests/Page/DestroyRequest.php" line-rate="1" branch-rate="0" complexity="2">
          <methods>
            <method name="rules" signature="" line-rate="1" branch-rate="0" complexity="2">
              <lines>
                <line number="32" hits="7"/>
                <line number="34" hits="7"/>
                <line number="36" hits="7"/>
                <line number="37" hits="7"/>
                <line number="40" hits="7"/>
              </lines>
            </method>
          </methods>
          <lines>
            <line number="32" hits="7"/>
            <line number="34" hits="7"/>
            <line number="36" hits="7"/>
            <line number="37" hits="7"/>
            <line number="40" hits="7"/>
          </lines>
        </class>
      </classes>
    </package>
    <package name="Http/Requests/Page/EditRequest.php" line-rate="0" branch-rate="0" complexity="0">
      <classes>
        <class name="Playground\Cms\Resource\Http\Requests\Page\EditRequest" filename="Http/Requests/Page/EditRequest.php" line-rate="0" branch-rate="0" complexity="0">
          <methods/>
          <lines/>
        </class>
      </classes>
    </package>
    <package name="Http/Requests/Page/IndexRequest.php" line-rate="0" branch-rate="0" complexity="0">
      <classes>
        <class name="Playground\Cms\Resource\Http\Requests\Page\IndexRequest" filename="Http/Requests/Page/IndexRequest.php" line-rate="0" branch-rate="0" complexity="0">
          <methods/>
          <lines/>
        </class>
      </classes>
    </package>
    <package name="Http/Requests/Page/LockRequest.php" line-rate="0" branch-rate="0" complexity="0">
      <classes>
        <class name="Playground\Cms\Resource\Http\Requests\Page\LockRequest" filename="Http/Requests/Page/LockRequest.php" line-rate="0" branch-rate="0" complexity="0">
          <methods/>
          <lines/>
        </class>
      </classes>
    </package>
    <package name="Http/Requests/Page/RestoreRequest.php" line-rate="0" branch-rate="0" complexity="0">
      <classes>
        <class name="Playground\Cms\Resource\Http\Requests\Page\RestoreRequest" filename="Http/Requests/Page/RestoreRequest.php" line-rate="0" branch-rate="0" complexity="0">
          <methods/>
          <lines/>
        </class>
      </classes>
    </package>
    <package name="Http/Requests/Page/RestoreRevisionRequest.php" line-rate="0" branch-rate="0" complexity="0">
      <classes>
        <class name="Playground\Cms\Resource\Http\Requests\Page\RestoreRevisionRequest" filename="Http/Requests/Page/RestoreRevisionRequest.php" line-rate="0" branch-rate="0" complexity="0">
          <methods/>
          <lines/>
        </class>
      </classes>
    </package>
    <package name="Http/Requests/Page/RevisionsRequest.php" line-rate="0" branch-rate="0" complexity="0">
      <classes>
        <class name="Playground\Cms\Resource\Http\Requests\Page\RevisionsRequest" filename="Http/Requests/Page/RevisionsRequest.php" line-rate="0" branch-rate="0" complexity="0">
          <methods/>
          <lines/>
        </class>
      </classes>
    </package>
    <package name="Http/Requests/Page/ShowRequest.php" line-rate="0" branch-rate="0" complexity="0">
      <classes>
        <class name="Playground\Cms\Resource\Http\Requests\Page\ShowRequest" filename="Http/Requests/Page/ShowRequest.php" line-rate="0" branch-rate="0" complexity="0">
          <methods/>
          <lines/>
        </class>
      </classes>
    </package>
    <package name="Http/Requests/Page/ShowRevisionRequest.php" line-rate="0" branch-rate="0" complexity="0">
      <classes>
        <class name="Playground\Cms\Resource\Http\Requests\Page\ShowRevisionRequest" filename="Http/Requests/Page/ShowRevisionRequest.php" line-rate="0" branch-rate="0" complexity="0">
          <methods/>
          <lines/>
        </class>
      </classes>
    </package>
    <package name="Http/Requests/Page/StoreRequest.php" line-rate="1" branch-rate="0" complexity="4">
      <classes>
        <class name="Playground\Cms\Resource\Http\Requests\Page\StoreRequest" filename="Http/Requests/Page/StoreRequest.php" line-rate="1" branch-rate="0" complexity="4">
          <methods>
            <method name="rules" signature="" line-rate="1" branch-rate="0" complexity="2">
              <lines>
                <line number="119" hits="7"/>
                <line number="124" hits="7"/>
                <line number="126" hits="7"/>
                <line number="127" hits="1"/>
                <line number="130" hits="7"/>
              </lines>
            </method>
            <method name="prepareForValidation" signature="" line-rate="1" branch-rate="0" complexity="2">
              <lines>
                <line number="140" hits="5"/>
                <line number="142" hits="5"/>
                <line number="144" hits="5"/>
                <line number="145" hits="5"/>
                <line number="146" hits="5"/>
                <line number="147" hits="5"/>
                <line number="149" hits="5"/>
                <line number="150" hits="3"/>
              </lines>
            </method>
          </methods>
          <lines>
            <line number="119" hits="7"/>
            <line number="124" hits="7"/>
            <line number="126" hits="7"/>
            <line number="127" hits="1"/>
            <line number="130" hits="7"/>
            <line number="140" hits="5"/>
            <line number="142" hits="5"/>
            <line number="144" hits="5"/>
            <line number="145" hits="5"/>
            <line number="146" hits="5"/>
            <line number="147" hits="5"/>
            <line number="149" hits="5"/>
            <line number="150" hits="3"/>
          </lines>
        </class>
      </classes>
    </package>
    <package name="Http/Requests/Page/UnlockRequest.php" line-rate="0" branch-rate="0" complexity="0">
      <classes>
        <class name="Playground\Cms\Resource\Http\Requests\Page\UnlockRequest" filename="Http/Requests/Page/UnlockRequest.php" line-rate="0" branch-rate="0" complexity="0">
          <methods/>
          <lines/>
        </class>
      </classes>
    </package>
    <package name="Http/Requests/Page/UpdateRequest.php" line-rate="1" branch-rate="0" complexity="4">
      <classes>
        <class name="Playground\Cms\Resource\Http\Requests\Page\UpdateRequest" filename="Http/Requests/Page/UpdateRequest.php" line-rate="1" branch-rate="0" complexity="4">
          <methods>
            <method name="rules" signature="" line-rate="1" branch-rate="0" complexity="2">
              <lines>
                <line number="119" hits="7"/>
                <line number="124" hits="7"/>
                <line number="126" hits="7"/>
                <line number="127" hits="1"/>
                <line number="130" hits="7"/>
              </lines>
            </method>
            <method name="prepareForValidation" signature="" line-rate="1" branch-rate="0" complexity="2">
              <lines>
                <line number="140" hits="5"/>
                <line number="142" hits="5"/>
                <line number="144" hits="5"/>
                <line number="145" hits="5"/>
                <line number="146" hits="5"/>
                <line number="147" hits="5"/>
                <line number="149" hits="5"/>
                <line number="150" hits="3"/>
              </lines>
            </method>
          </methods>
          <lines>
            <line number="119" hits="7"/>
            <line number="124" hits="7"/>
            <line number="126" hits="7"/>
            <line number="127" hits="1"/>
            <line number="130" hits="7"/>
            <line number="140" hits="5"/>
            <line number="142" hits="5"/>
            <line number="144" hits="5"/>
            <line number="145" hits="5"/>
            <line number="146" hits="5"/>
            <line number="147" hits="5"/>
            <line number="149" hits="5"/>
            <line number="150" hits="3"/>
          </lines>
        </class>
      </classes>
    </package>
    <package name="Http/Requests/Snippet/CreateRequest.php" line-rate="0" branch-rate="0" complexity="0">
      <classes>
        <class name="Playground\Cms\Resource\Http\Requests\Snippet\CreateRequest" filename="Http/Requests/Snippet/CreateRequest.php" line-rate="0" branch-rate="0" complexity="0">
          <methods/>
          <lines/>
        </class>
      </classes>
    </package>
    <package name="Http/Requests/Snippet/DestroyRequest.php" line-rate="1" branch-rate="0" complexity="2">
      <classes>
        <class name="Playground\Cms\Resource\Http\Requests\Snippet\DestroyRequest" filename="Http/Requests/Snippet/DestroyRequest.php" line-rate="1" branch-rate="0" complexity="2">
          <methods>
            <method name="rules" signature="" line-rate="1" branch-rate="0" complexity="2">
              <lines>
                <line number="32" hits="7"/>
                <line number="34" hits="7"/>
                <line number="36" hits="7"/>
                <line number="37" hits="7"/>
                <line number="40" hits="7"/>
              </lines>
            </method>
          </methods>
          <lines>
            <line number="32" hits="7"/>
            <line number="34" hits="7"/>
            <line number="36" hits="7"/>
            <line number="37" hits="7"/>
            <line number="40" hits="7"/>
          </lines>
        </class>
      </classes>
    </package>
    <package name="Http/Requests/Snippet/EditRequest.php" line-rate="0" branch-rate="0" complexity="0">
      <classes>
        <class name="Playground\Cms\Resource\Http\Requests\Snippet\EditRequest" filename="Http/Requests/Snippet/EditRequest.php" line-rate="0" branch-rate="0" complexity="0">
          <methods/>
          <lines/>
        </class>
      </classes>
    </package>
    <package name="Http/Requests/Snippet/IndexRequest.php" line-rate="0" branch-rate="0" complexity="0">
      <classes>
        <class name="Playground\Cms\Resource\Http\Requests\Snippet\IndexRequest" filename="Http/Requests/Snippet/IndexRequest.php" line-rate="0" branch-rate="0" complexity="0">
          <methods/>
          <lines/>
        </class>
      </classes>
    </package>
    <package name="Http/Requests/Snippet/LockRequest.php" line-rate="0" branch-rate="0" complexity="0">
      <classes>
        <class name="Playground\Cms\Resource\Http\Requests\Snippet\LockRequest" filename="Http/Requests/Snippet/LockRequest.php" line-rate="0" branch-rate="0" complexity="0">
          <methods/>
          <lines/>
        </class>
      </classes>
    </package>
    <package name="Http/Requests/Snippet/RestoreRequest.php" line-rate="0" branch-rate="0" complexity="0">
      <classes>
        <class name="Playground\Cms\Resource\Http\Requests\Snippet\RestoreRequest" filename="Http/Requests/Snippet/RestoreRequest.php" line-rate="0" branch-rate="0" complexity="0">
          <methods/>
          <lines/>
        </class>
      </classes>
    </package>
    <package name="Http/Requests/Snippet/RestoreRevisionRequest.php" line-rate="0" branch-rate="0" complexity="0">
      <classes>
        <class name="Playground\Cms\Resource\Http\Requests\Snippet\RestoreRevisionRequest" filename="Http/Requests/Snippet/RestoreRevisionRequest.php" line-rate="0" branch-rate="0" complexity="0">
          <methods/>
          <lines/>
        </class>
      </classes>
    </package>
    <package name="Http/Requests/Snippet/RevisionsRequest.php" line-rate="0" branch-rate="0" complexity="0">
      <classes>
        <class name="Playground\Cms\Resource\Http\Requests\Snippet\RevisionsRequest" filename="Http/Requests/Snippet/RevisionsRequest.php" line-rate="0" branch-rate="0" complexity="0">
          <methods/>
          <lines/>
        </class>
      </classes>
    </package>
    <package name="Http/Requests/Snippet/ShowRequest.php" line-rate="0" branch-rate="0" complexity="0">
      <classes>
[...]
                <line number="42" hits="1"/>
                <line number="43" hits="1"/>
                <line number="44" hits="1"/>
                <line number="45" hits="1"/>
                <line number="46" hits="1"/>
                <line number="47" hits="1"/>
                <line number="48" hits="1"/>
              </lines>
            </method>
          </methods>
          <lines>
            <line number="34" hits="1"/>
            <line number="39" hits="1"/>
            <line number="41" hits="1"/>
            <line number="42" hits="1"/>
            <line number="43" hits="1"/>
            <line number="44" hits="1"/>
            <line number="45" hits="1"/>
            <line number="46" hits="1"/>
            <line number="47" hits="1"/>
            <line number="48" hits="1"/>
          </lines>
        </class>
      </classes>
    </package>
    <package name="Http/Resources/PageRevisionCollection.php" line-rate="1" branch-rate="0" complexity="1">
      <classes>
        <class name="Playground\Cms\Resource\Http\Resources\PageRevisionCollection" filename="Http/Resources/PageRevisionCollection.php" line-rate="1" branch-rate="0" complexity="1">
          <methods>
            <method name="with" signature="Request $request" line-rate="1" branch-rate="0" complexity="1">
              <lines>
                <line number="29" hits="2"/>
                <line number="30" hits="2"/>
                <line number="31" hits="2"/>
                <line number="32" hits="2"/>
                <line number="33" hits="2"/>
                <line number="34" hits="2"/>
                <line number="35" hits="2"/>
                <line number="36" hits="2"/>
                <line number="37" hits="2"/>
                <line number="38" hits="2"/>
                <line number="39" hits="2"/>
                <line number="40" hits="2"/>
              </lines>
            </method>
          </methods>
          <lines>
            <line number="29" hits="2"/>
            <line number="30" hits="2"/>
            <line number="31" hits="2"/>
            <line number="32" hits="2"/>
            <line number="33" hits="2"/>
            <line number="34" hits="2"/>
            <line number="35" hits="2"/>
            <line number="36" hits="2"/>
            <line number="37" hits="2"/>
            <line number="38" hits="2"/>
            <line number="39" hits="2"/>
            <line number="40" hits="2"/>
          </lines>
        </class>
      </classes>
    </package>
    <package name="Http/Resources/Snippet.php" line-rate="1" branch-rate="0" complexity="1">
      <classes>
        <class name="Playground\Cms\Resource\Http\Resources\Snippet" filename="Http/Resources/Snippet.php" line-rate="1" branch-rate="0" complexity="1">
          <methods>
            <method name="with" signature="Request $request" line-rate="1" branch-rate="0" complexity="1">
              <lines>
                <line number="34" hits="14"/>
                <line number="39" hits="14"/>
                <line number="41" hits="14"/>
                <line number="42" hits="14"/>
                <line number="43" hits="14"/>
                <line number="44" hits="14"/>
                <line number="45" hits="14"/>
                <line number="46" hits="14"/>
                <line number="47" hits="14"/>
                <line number="48" hits="14"/>
              </lines>
            </method>
          </methods>
          <lines>
            <line number="34" hits="14"/>
            <line number="39" hits="14"/>
            <line number="41" hits="14"/>
            <line number="42" hits="14"/>
            <line number="43" hits="14"/>
            <line number="44" hits="14"/>
            <line number="45" hits="14"/>
            <line number="46" hits="14"/>
            <line number="47" hits="14"/>
            <line number="48" hits="14"/>
          </lines>
        </class>
      </classes>
    </package>
    <package name="Http/Resources/SnippetCollection.php" line-rate="1" branch-rate="0" complexity="1">
      <classes>
        <class name="Playground\Cms\Resource\Http\Resources\SnippetCollection" filename="Http/Resources/SnippetCollection.php" line-rate="1" branch-rate="0" complexity="1">
          <methods>
            <method name="with" signature="Request $request" line-rate="1" branch-rate="0" complexity="1">
              <lines>
                <line number="29" hits="2"/>
                <line number="30" hits="2"/>
                <line number="31" hits="2"/>
                <line number="32" hits="2"/>
                <line number="33" hits="2"/>
                <line number="34" hits="2"/>
                <line number="35" hits="2"/>
                <line number="36" hits="2"/>
                <line number="37" hits="2"/>
                <line number="38" hits="2"/>
                <line number="39" hits="2"/>
                <line number="40" hits="2"/>
              </lines>
            </method>
          </methods>
          <lines>
            <line number="29" hits="2"/>
            <line number="30" hits="2"/>
            <line number="31" hits="2"/>
            <line number="32" hits="2"/>
            <line number="33" hits="2"/>
            <line number="34" hits="2"/>
            <line number="35" hits="2"/>
            <line number="36" hits="2"/>
            <line number="37" hits="2"/>
            <line number="38" hits="2"/>
            <line number="39" hits="2"/>
            <line number="40" hits="2"/>
          </lines>
        </class>
      </classes>
    </package>
    <package name="Http/Resources/SnippetRevision.php" line-rate="1" branch-rate="0" complexity="1">
      <classes>
        <class name="Playground\Cms\Resource\Http\Resources\SnippetRevision" filename="Http/Resources/SnippetRevision.php" line-rate="1" branch-rate="0" complexity="1">
          <methods>
            <method name="with" signature="Request $request" line-rate="1" branch-rate="0" complexity="1">
              <lines>
                <line number="34" hits="1"/>
                <line number="39" hits="1"/>
                <line number="41" hits="1"/>
                <line number="42" hits="1"/>
                <line number="43" hits="1"/>
                <line number="44" hits="1"/>
                <line number="45" hits="1"/>
                <line number="46" hits="1"/>
                <line number="47" hits="1"/>
                <line number="48" hits="1"/>
              </lines>
            </method>
          </methods>
          <lines>
            <line number="34" hits="1"/>
            <line number="39" hits="1"/>
            <line number="41" hits="1"/>
            <line number="42" hits="1"/>
            <line number="43" hits="1"/>
            <line number="44" hits="1"/>
            <line number="45" hits="1"/>
            <line number="46" hits="1"/>
            <line number="47" hits="1"/>
            <line number="48" hits="1"/>
          </lines>
        </class>
      </classes>
    </package>
    <package name="Http/Resources/SnippetRevisionCollection.php" line-rate="1" branch-rate="0" complexity="1">
      <classes>
        <class name="Playground\Cms\Resource\Http\Resources\SnippetRevisionCollection" filename="Http/Resources/SnippetRevisionCollection.php" line-rate="1" branch-rate="0" complexity="1">
          <methods>
            <method name="with" signature="Request $request" line-rate="1" branch-rate="0" complexity="1">
              <lines>
                <line number="29" hits="2"/>
                <line number="30" hits="2"/>
                <line number="31" hits="2"/>
                <line number="32" hits="2"/>
                <line number="33" hits="2"/>
                <line number="34" hits="2"/>
                <line number="35" hits="2"/>
                <line number="36" hits="2"/>
                <line number="37" hits="2"/>
                <line number="38" hits="2"/>
                <line number="39" hits="2"/>
                <line number="40" hits="2"/>
              </lines>
            </method>
          </methods>
          <lines>
            <line number="29" hits="2"/>
            <line number="30" hits="2"/>
            <line number="31" hits="2"/>
            <line number="32" hits="2"/>
            <line number="33" hits="2"/>
            <line number="34" hits="2"/>
            <line number="35" hits="2"/>
            <line number="36" hits="2"/>
            <line number="37" hits="2"/>
            <line number="38" hits="2"/>
            <line number="39" hits="2"/>
            <line number="40" hits="2"/>
          </lines>
        </class>
      </classes>
    </package>
    <package name="Policies/PagePolicy.php" line-rate="1" branch-rate="0" complexity="3">
      <classes>
        <class name="Playground\Cms\Resource\Policies\PagePolicy" filename="Policies/PagePolicy.php" line-rate="1" branch-rate="0" complexity="3">
          <methods>
            <method name="revisions" signature="Authenticatable $user" line-rate="1" branch-rate="0" complexity="1">
              <lines>
                <line number="51" hits="4"/>
              </lines>
            </method>
            <method name="viewRevision" signature="Authenticatable $user, PageRevision $page_revision" line-rate="1" branch-rate="0" complexity="1">
              <lines>
                <line number="59" hits="2"/>
              </lines>
            </method>
            <method name="restoreRevision" signature="Authenticatable $user, PageRevision $page_revision" line-rate="1" branch-rate="0" complexity="1">
              <lines>
                <line number="67" hits="6"/>
              </lines>
            </method>
          </methods>
          <lines>
            <line number="51" hits="4"/>
            <line number="59" hits="2"/>
            <line number="67" hits="6"/>
          </lines>
        </class>
      </classes>
    </package>
    <package name="Policies/SnippetPolicy.php" line-rate="1" branch-rate="0" complexity="3">
      <classes>
        <class name="Playground\Cms\Resource\Policies\SnippetPolicy" filename="Policies/SnippetPolicy.php" line-rate="1" branch-rate="0" complexity="3">
          <methods>
            <method name="revisions" signature="Authenticatable $user" line-rate="1" branch-rate="0" complexity="1">
              <lines>
                <line number="51" hits="4"/>
              </lines>
            </method>
            <method name="viewRevision" signature="Authenticatable $user, SnippetRevision $snippet_revision" line-rate="1" branch-rate="0" complexity="1">
              <lines>
                <line number="59" hits="2"/>
              </lines>
            </method>
            <method name="restoreRevision" signature="Authenticatable $user, SnippetRevision $snippet_revision" line-rate="1" branch-rate="0" complexity="1">
              <lines>
                <line number="67" hits="6"/>
              </lines>
            </method>
          </methods>
          <lines>
            <line number="51" hits="4"/>
            <line number="59" hits="2"/>
            <line number="67" hits="6"/>
          </lines>
        </class>
      </classes>
    </package>
    <package name="ServiceProvider.php" line-rate="1" branch-rate="0" complexity="54">
      <classes>
        <class name="Playground\Cms\Resource\ServiceProvider" filename="ServiceProvider.php" line-rate="1" branch-rate="0" complexity="54">
          <methods>
            <method name="boot" signature="" line-rate="1" branch-rate="0" complexity="13">
              <lines>
                <line number="79" hits="223"/>
                <line number="81" hits="223"/>
                <line number="83" hits="223"/>
                <line number="84" hits="223"/>
                <line number="85" hits="223"/>
                <line number="86" hits="223"/>
                <line number="87" hits="223"/>
                <line number="90" hits="223"/>
                <line number="91" hits="223"/>
                <line number="92" hits="223"/>
                <line number="94" hits="223"/>
                <line number="95" hits="223"/>
                <line number="98" hits="223"/>
                <line number="99" hits="223"/>
                <line number="100" hits="223"/>
                <line number="102" hits="223"/>
                <line number="105" hits="223"/>
                <line number="106" hits="223"/>
                <line number="107" hits="223"/>
                <line number="108" hits="223"/>
                <line number="109" hits="223"/>
                <line number="113" hits="223"/>
                <line number="115" hits="223"/>
                <line number="116" hits="223"/>
                <line number="117" hits="223"/>
                <line number="120" hits="223"/>
                <line number="121" hits="223"/>
                <line number="122" hits="223"/>
                <line number="125" hits="223"/>
                <line number="126" hits="223"/>
              </lines>
            </method>
            <method name="register" signature="" line-rate="1" branch-rate="0" complexity="1">
              <lines>
                <line number="135" hits="223"/>
                <line number="136" hits="223"/>
                <line number="137" hits="223"/>
                <line number="138" hits="223"/>
              </lines>
            </method>
            <method name="setPolicies" signature="array $policies" line-rate="1" branch-rate="0" complexity="9">
              <lines>
                <line number="148" hits="223"/>
                <line number="149" hits="223"/>
                <line number="150" hits="1"/>
                <line number="151" hits="1"/>
                <line number="152" hits="1"/>
                <line number="153" hits="1"/>
                <line number="154" hits="1"/>
                <line number="155" hits="1"/>
                <line number="157" hits="1"/>
                <line number="159" hits="223"/>
                <line number="160" hits="1"/>
                <line number="161" hits="1"/>
                <line number="162" hits="1"/>
                <line number="163" hits="1"/>
                <line number="164" hits="1"/>
                <line number="165" hits="1"/>
                <line number="167" hits="1"/>
                <line number="169" hits="223"/>
              </lines>
            </method>
            <method name="routes" signature="array $config" line-rate="1" branch-rate="0" complexity="4">
              <lines>
                <line number="178" hits="223"/>
                <line number="179" hits="223"/>
                <line number="181" hits="223"/>
                <line number="182" hits="223"/>
                <line number="184" hits="223"/>
                <line number="185" hits="223"/>
              </lines>
            </method>
            <method name="about" signature="" line-rate="1" branch-rate="0" complexity="27">
              <lines>
                <line number="191" hits="223"/>
                <line number="192" hits="223"/>
                <line number="194" hits="223"/>
                <line number="196" hits="223"/>
                <line number="198" hits="223"/>
                <line number="200" hits="223"/>
                <line number="202" hits="223"/>
                <line number="204" hits="223"/>
                <line number="205" hits="223"/>
                <line number="206" hits="223"/>
                <line number="207" hits="223"/>
                <line number="209" hits="223"/>
                <line number="210" hits="223"/>
                <line number="211" hits="223"/>
                <line number="213" hits="223"/>
                <line number="215" hits="223"/>
                <line number="216" hits="223"/>
                <line number="217" hits="223"/>
                <line number="218" hits="223"/>
                <line number="220" hits="223"/>
                <line number="221" hits="223"/>
                <line number="222" hits="223"/>
                <line number="224" hits="223"/>
                <line number="225" hits="223"/>
                <line number="226" hits="223"/>
              </lines>
            </method>
          </methods>
          <lines>
            <line number="79" hits="223"/>
            <line number="81" hits="223"/>
            <line number="83" hits="223"/>
            <line number="84" hits="223"/>
            <line number="85" hits="223"/>
            <line number="86" hits="223"/>
            <line number="87" hits="223"/>
            <line number="90" hits="223"/>
            <line number="91" hits="223"/>
            <line number="92" hits="223"/>
            <line number="94" hits="223"/>
            <line number="95" hits="223"/>
            <line number="98" hits="223"/>
            <line number="99" hits="223"/>
            <line number="100" hits="223"/>
            <line number="102" hits="223"/>
            <line number="105" hits="223"/>
            <line number="106" hits="223"/>
            <line number="107" hits="223"/>
            <line number="108" hits="223"/>
            <line number="109" hits="223"/>
            <line number="113" hits="223"/>
            <line number="115" hits="223"/>
            <line number="116" hits="223"/>
            <line number="117" hits="223"/>
            <line number="120" hits="223"/>
            <line number="121" hits="223"/>
            <line number="122" hits="223"/>
            <line number="125" hits="223"/>
            <line number="126" hits="223"/>
            <line number="135" hits="223"/>
            <line number="136" hits="223"/>
            <line number="137" hits="223"/>
            <line number="138" hits="223"/>
            <line number="148" hits="223"/>
            <line number="149" hits="223"/>
            <line number="150" hits="1"/>
            <line number="151" hits="1"/>
            <line number="152" hits="1"/>
            <line number="153" hits="1"/>
            <line number="154" hits="1"/>
            <line number="155" hits="1"/>
            <line number="157" hits="1"/>
            <line number="159" hits="223"/>
            <line number="160" hits="1"/>
            <line number="161" hits="1"/>
            <line number="162" hits="1"/>
            <line number="163" hits="1"/>
            <line number="164" hits="1"/>
            <line number="165" hits="1"/>
            <line number="167" hits="1"/>
            <line number="169" hits="223"/>
            <line number="178" hits="223"/>
            <line number="179" hits="223"/>
            <line number="181" hits="223"/>
            <line number="182" hits="223"/>
            <line number="184" hits="223"/>
            <line number="185" hits="223"/>
            <line number="191" hits="223"/>
            <line number="192" hits="223"/>
            <line number="194" hits="223"/>
            <line number="196" hits="223"/>
            <line number="198" hits="223"/>
            <line number="200" hits="223"/>
            <line number="202" hits="223"/>
            <line number="204" hits="223"/>
            <line number="205" hits="223"/>
            <line number="206" hits="223"/>
            <line number="207" hits="223"/>
            <line number="209" hits="223"/>
            <line number="210" hits="223"/>
            <line number="211" hits="223"/>
            <line number="213" hits="223"/>
            <line number="215" hits="223"/>
            <line number="216" hits="223"/>
            <line number="217" hits="223"/>
            <line number="218" hits="223"/>
            <line number="220" hits="223"/>
            <line number="221" hits="223"/>
            <line number="222" hits="223"/>
            <line number="224" hits="223"/>
            <line number="225" hits="223"/>
            <line number="226" hits="223"/>
          </lines>
        </class>
      </classes>
    </package>
  </packages>
</coverage>
